

<!DOCTYPE html>
<html>
<head>
<meta charset="UTF-8">
<meta name="viewport" content="width=device-width, initial-scale=1, shrink-to-fit=no">
<title></title>
<link rel="apple-touch-icon" href="https://cdn.jsdelivr.net/gh/extent-framework/extent-github-cdn@b00a2d0486596e73dd7326beacf352c639623a0e/commons/img/logo.png">
<link rel="shortcut icon" href="https://cdn.jsdelivr.net/gh/extent-framework/extent-github-cdn@b00a2d0486596e73dd7326beacf352c639623a0e/commons/img/logo.png">
<link href="https://cdn.jsdelivr.net/gh/extent-framework/extent-github-cdn@ce8b10435bcbae260c334c0d0c6b61d2c19b6168/spark/css/spark-style.css" rel="stylesheet" />
<link href="https://stackpath.bootstrapcdn.com/font-awesome/4.7.0/css/font-awesome.min.css" rel="stylesheet">
<script src="https://cdn.jsdelivr.net/gh/extent-framework/extent-github-cdn@7cc78ce/spark/js/jsontree.js"></script>
<style type="text/css"></style></head><body class="spa bdd-report standard">
  <div class="app">
    <div class="layout">
<div class="header navbar">
<div class="vheader">
<div class="nav-logo">
<a href="#">
<div class="logo" style="background-image: url('https://cdn.jsdelivr.net/gh/extent-framework/extent-github-cdn@b00a2d0486596e73dd7326beacf352c639623a0e/commons/img/logo.png')"></div>
</a>
</div>
<ul class="nav-left">
<li class="search-box">
<a class="search-toggle" href="#">
<i class="search-icon fa fa-search"></i>
<i class="search-icon-close fa fa-close"></i>
</a>
</li>
<li class="search-input"><input id="search-tests" class="form-control" type="text" placeholder="Search..."></li>
</ul>
<ul class="nav-right">
<li class="m-r-10">
<a href="#"><span class="badge badge-primary"></span></a>
</li>
<li class="m-r-10">
<a href="#"><span class="badge badge-primary">Feb 3, 2026 09:23:55 am</span></a>
</li>
</ul>
</div>
</div><div class="side-nav">
<div class="side-nav-inner">
<ul class="side-nav-menu">
<li class="nav-item dropdown" onclick="toggleView('test-view')">
<a id="nav-test" class="dropdown-toggle" href="#">
<span class="ico"><i class="fa fa-list"></i></span>
</a>
</li>
<li class="nav-item dropdown" onclick="toggleView('exception-view')">
<a id="nav-exception" class="dropdown-toggle" href="#">
<span class="ico"><i class="fa fa-bug"></i></span>
</a>
</li>
<li class="nav-item dropdown" onclick="toggleView('category-view')">
<a id="nav-category" class="dropdown-toggle" href="#">
<span class="ico"><i class="fa fa-tag"></i></span>
</a>
</li>
<li class="nav-item dropdown" onclick="toggleView('dashboard-view')">
<a id="nav-dashboard" class="dropdown-toggle" href="#">
<span class="ico"><i class="fa fa-bar-chart"></i></span>
</a>
</li>
</ul>
</div>
</div>      <div class="vcontainer">
        <div class="main-content">
<div class="test-wrapper row view test-view">
  <div class="test-list">
    <div class="test-list-tools">
<ul class="tools pull-left">
<li><a href="#"><span class="font-size-14">Tests</span></a></li>
</ul>
<ul class="tools text-right">
<li class="dropdown">
<a href="#" class="dropdown-toggle" data-toggle="dropdown"><i class="fa fa-exclamation-circle"></i></a>
<ul id="status-toggle" class="dropdown-menu dropdown-md p-v-0">
<a class="dropdown-item" status="pass" href="#"><span>Pass</span><span class="status success"></span></a>
<a class="dropdown-item" status="fail" href="#"><span>Fail</span><span class="status danger"></span></a>
<div class="dropdown-divider"></div>
<a status="clear" class="dropdown-item" href="#"><span>Clear</span><span class="pull-right"><i class="fa fa-close"></i></span></a>
</ul>
</li>
<li class="dropdown">
<a href="#" class="dropdown-toggle" data-toggle="dropdown"><i class="fa fa-tag"></i></a>
<ul id="tag-toggle" class="dropdown-menu dropdown-md p-v-0">
<a class="dropdown-item" href="#">@EmptyItem</a><a class="dropdown-item" href="#">@OneItem</a><a class="dropdown-item" href="#">@System</a>
</ul>
</li>
</ul>
</div>    <div class="test-list-wrapper scrollable">
      <ul class="test-list-item">
        <li class="test-item"  status="fail" test-id="1"
          author=""
          tag=""
          device="">
          <div class="test-detail">
            <p class="name">Adding Item to Cart</p>
            <p class="text-sm">
              <span>9:23:56 am</span> / <span>00:00:02:878</span>
              <span class="badge fail-bg log float-right">Fail</span>
            </p>
          </div>
          <div class="test-contents d-none">
<div class="detail-head">
<div class="p-v-10">
<div class="info">
<h5 class="test-status text-fail">Adding Item to Cart</h5>
<span class='badge badge-success'>02.03.2026 9:23:56 am</span>
<span class='badge badge-danger'>02.03.2026 9:23:59 am</span>
<span class='badge badge-default'>00:00:02:878</span>
&middot; <span class='uri-anchor badge badge-default'>#test-id=1</span>
<span title='Skip to the next failed step' class='badge badge-danger pointer float-right ne ml-1'><i class="fa fa-fast-forward"></i></span>
<span title='Collapse all nodes' class='badge badge-default pointer float-right ct ml-1'><i class="fa fa-compress"></i></span>
<span title='Expand all nodes' class='badge badge-default pointer float-right et'><i class="fa fa-expand"></i></span>
</div>
<div class="m-t-10 m-l-5"></div>
</div>
</div>
<div class="accordion mt-4">
  <div class="card">
    <div class="card-header" role="tab">
      <div class="card-title">
        <div class="node" id="2"><span class="badge log fail-bg mr-2">Fail</span>Add Samsung Galaxy S6 to cart</div>
      </div>
    </div>
        <div class="">
          <div class="card-body">
              <div class="step fail-bg" >
                <span>Given the user is present on the Demoblaze Home page</span>
      <div>Step undefined
      </div>
              </div>
              <div class="step skip-bg" >
                <span>When the user do valid login</span>
      <div>Step skipped
      </div>
              </div>
              <div class="step skip-bg" >
                <span>* the user opens the Phone Category</span>
      <div>Step skipped
      </div>
              </div>
              <div class="step skip-bg" >
                <span>* the user selects "Samsung galaxy s6"</span>
      <div>Step skipped
      </div>
              </div>
              <div class="step skip-bg" >
                <span>* the user adds the mobile To Cart</span>
      <div>Step skipped
      </div>
              </div>
              <div class="step skip-bg" >
                <span>* the user goes to Cart</span>
      <div>Step skipped
      </div>
              </div>
              <div class="step skip-bg" >
                <span>Then the mobile should be visible in cart</span>
      <div>Step skipped
      </div>
              </div>
          </div>
        </div>
  </div>
</div>
          </div>
        </li>
        <li class="test-item"  status="fail" test-id="11"
          author=""
          tag=""
          device="">
          <div class="test-detail">
            <p class="name">Cart</p>
            <p class="text-sm">
              <span>9:23:59 am</span> / <span>00:00:45:046</span>
              <span class="badge fail-bg log float-right">Fail</span>
            </p>
          </div>
          <div class="test-contents d-none">
<div class="detail-head">
<div class="p-v-10">
<div class="info">
<h5 class="test-status text-fail">Cart</h5>
<span class='badge badge-success'>02.03.2026 9:23:59 am</span>
<span class='badge badge-danger'>02.03.2026 9:24:44 am</span>
<span class='badge badge-default'>00:00:45:046</span>
&middot; <span class='uri-anchor badge badge-default'>#test-id=11</span>
<span title='Skip to the next failed step' class='badge badge-danger pointer float-right ne ml-1'><i class="fa fa-fast-forward"></i></span>
<span title='Collapse all nodes' class='badge badge-default pointer float-right ct ml-1'><i class="fa fa-compress"></i></span>
<span title='Expand all nodes' class='badge badge-default pointer float-right et'><i class="fa fa-expand"></i></span>
</div>
<div class="m-t-10 m-l-5"></div>
</div>
</div>
<div class="accordion mt-4">
  <div class="card">
    <div class="card-header" role="tab">
      <div class="card-title">
        <div class="node" id="12"><span class="badge log pass-bg mr-2">Pass</span>Veiw Empty Cart</div>
      </div>
    </div>
        <div class="collapse">
          <div class="card-body">
              <div class="step pass-bg" title="stepdefinitionpackage.CartFeaturesUsingTagsStepDefinitions.the_user_is_present_on_the_demo_blaze_home_page()">
                <span>Given The User is present on the DemoBlaze HomePage</span>
      <div>
      </div>
              </div>
              <div class="step pass-bg" title="stepdefinitionpackage.CartFeaturesUsingTagsStepDefinitions.the_user_clicks_on_the_cart_link()">
                <span>When The User clicks on the Cart Link</span>
      <div>
      </div>
              </div>
              <div class="step pass-bg" title="stepdefinitionpackage.CartFeaturesUsingTagsStepDefinitions.the_cart_page_should_be_displayed()">
                <span>Then The Cart Page should be displayed</span>
      <div>
      </div>
              </div>
              <div class="step pass-bg" title="stepdefinitionpackage.CartFeaturesUsingTagsStepDefinitions.the_cart_should_be_empty()">
                <span>And The Cart should be empty</span>
      <div>
      </div>
              </div>
          </div>
        </div>
  </div>
  <div class="card">
    <div class="card-header" role="tab">
      <div class="card-title">
        <div class="node" id="18"><span class="badge log pass-bg mr-2">Pass</span>View Cart After Adding One Item</div>
      </div>
    </div>
        <div class="collapse">
          <div class="card-body">
              <div class="step pass-bg" title="stepdefinitionpackage.CartFeaturesUsingTagsStepDefinitions.the_user_adds_one_item_to_cart()">
                <span>When The User adds one item to cart</span>
      <div>
      </div>
              </div>
              <div class="step pass-bg" title="stepdefinitionpackage.CartFeaturesUsingTagsStepDefinitions.the_user_clicks_on_the_cart_link()">
                <span>And The User clicks on the Cart Link</span>
      <div>
      </div>
              </div>
              <div class="step pass-bg" title="stepdefinitionpackage.CartFeaturesUsingTagsStepDefinitions.the_cart_page_should_be_displayed()">
                <span>Then The Cart Page should be displayed</span>
      <div>
      </div>
              </div>
              <div class="step pass-bg" title="stepdefinitionpackage.CartFeaturesUsingTagsStepDefinitions.the_product_should_be_visible_in_the_cart()">
                <span>And The Product should be visible in the Cart</span>
      <div>
      </div>
              </div>
          </div>
        </div>
  </div>
  <div class="card">
    <div class="card-header" role="tab">
      <div class="card-title">
        <div class="node" id="25"><span class="badge log fail-bg mr-2">Fail</span>View Cart After Adding Two Items</div>
      </div>
    </div>
        <div class="">
          <div class="card-body">
              <div class="step fail-bg" title="stepdefinitionpackage.CartFeaturesUsingTagsStepDefinitions.the_user_adds_two_items_to_cart()">
                <span>When The User adds two items to cart</span>
      <div>
        <textarea disabled class="code-block">org.openqa.selenium.TimeoutException: Expected condition failed: waiting for element to be clickable: Proxy element for: DefaultElementLocator 'By.xpath: //a[contains(text(),'Add to cart')]' (tried for 10 second(s) with 500 milliseconds interval)
	at org.openqa.selenium.support.ui.WebDriverWait.timeoutException(WebDriverWait.java:84)
	at org.openqa.selenium.support.ui.FluentWait.until(FluentWait.java:228)
	at pomPackage.ProductDetailPagePOM.clickOnAddToCartButton(ProductDetailPagePOM.java:54)
	at stepdefinitionpackage.CartFeaturesUsingTagsStepDefinitions.the_user_adds_two_items_to_cart(CartFeaturesUsingTagsStepDefinitions.java:117)
	at ✽.The User adds two items to cart(file:///C:/Users/User/Desktop/Selenium_IntelliJ/Cucumber_Project_A12/src/test/java/featurepackage/DemoBlazeCartFeature.feature:23)
Caused by: org.openqa.selenium.NoSuchElementException: no such element: Unable to locate element: {"method":"xpath","selector":"//a[contains(text(),'Add to cart')]"}
  (Session info: chrome=144.0.7559.110)
For documentation on this error, please visit: https://www.selenium.dev/documentation/webdriver/troubleshooting/errors#no-such-element-exception
Build info: version: '4.34.0', revision: '707dcb4246*'
System info: os.name: 'Windows 10', os.arch: 'amd64', os.version: '10.0', java.version: '21.0.4'
Driver info: org.openqa.selenium.chrome.ChromeDriver
Command: [9d025f797a216eea34531b4a0bb435bd, findElement {using=xpath, value=//a[contains(text(),'Add to cart')]}]
Capabilities {acceptInsecureCerts: false, browserName: chrome, browserVersion: 144.0.7559.110, chrome: {chromedriverVersion: 144.0.7559.109 (6a8d5e49388..., userDataDir: C:\Users\User\AppData\Local...}, fedcm:accounts: true, goog:chromeOptions: {debuggerAddress: localhost:52195}, goog:processID: 26256, networkConnectionEnabled: false, pageLoadStrategy: normal, platformName: windows, proxy: Proxy(), se:cdp: ws://localhost:52195/devtoo..., se:cdpVersion: 144.0.7559.110, setWindowRect: true, strictFileInteractability: false, timeouts: {implicit: 0, pageLoad: 300000, script: 30000}, unhandledPromptBehavior: dismiss and notify, webauthn:extension:credBlob: true, webauthn:extension:largeBlob: true, webauthn:extension:minPinLength: true, webauthn:extension:prf: true, webauthn:virtualAuthenticators: true}
Session ID: 9d025f797a216eea34531b4a0bb435bd
	at java.base/jdk.internal.reflect.DirectConstructorHandleAccessor.newInstance(DirectConstructorHandleAccessor.java:62)
	at java.base/java.lang.reflect.Constructor.newInstanceWithCaller(Constructor.java:502)
	at java.base/java.lang.reflect.Constructor.newInstance(Constructor.java:486)
	at org.openqa.selenium.remote.ErrorCodec.decode(ErrorCodec.java:167)
	at org.openqa.selenium.remote.codec.w3c.W3CHttpResponseCodec.decode(W3CHttpResponseCodec.java:138)
	at org.openqa.selenium.remote.codec.w3c.W3CHttpResponseCodec.decode(W3CHttpResponseCodec.java:50)
	at org.openqa.selenium.remote.HttpCommandExecutor.execute(HttpCommandExecutor.java:215)
	at org.openqa.selenium.remote.service.DriverCommandExecutor.invokeExecute(DriverCommandExecutor.java:216)
	at org.openqa.selenium.remote.service.DriverCommandExecutor.execute(DriverCommandExecutor.java:174)
	at org.openqa.selenium.remote.RemoteWebDriver.execute(RemoteWebDriver.java:544)
	at org.openqa.selenium.remote.ElementLocation$ElementFinder$2.findElement(ElementLocation.java:165)
	at org.openqa.selenium.remote.ElementLocation.findElement(ElementLocation.java:59)
	at org.openqa.selenium.remote.RemoteWebDriver.findElement(RemoteWebDriver.java:367)
	at org.openqa.selenium.remote.RemoteWebDriver.findElement(RemoteWebDriver.java:361)
	at org.openqa.selenium.support.pagefactory.DefaultElementLocator.findElement(DefaultElementLocator.java:68)
	at org.openqa.selenium.support.pagefactory.internal.LocatingElementHandler.invoke(LocatingElementHandler.java:38)
	at jdk.proxy2/jdk.proxy2.$Proxy25.isDisplayed(Unknown Source)
	at org.openqa.selenium.support.ui.ExpectedConditions.elementIfVisible(ExpectedConditions.java:304)
	at org.openqa.selenium.support.ui.ExpectedConditions$10.apply(ExpectedConditions.java:290)
	at org.openqa.selenium.support.ui.ExpectedConditions$10.apply(ExpectedConditions.java:287)
	at org.openqa.selenium.support.ui.ExpectedConditions$23.apply(ExpectedConditions.java:656)
	at org.openqa.selenium.support.ui.ExpectedConditions$23.apply(ExpectedConditions.java:652)
	at org.openqa.selenium.support.ui.FluentWait.until(FluentWait.java:203)
	... 3 more
</textarea>
      
      </div>
              </div>
              <div class="step skip-bg" title="stepdefinitionpackage.CartFeaturesUsingTagsStepDefinitions.the_user_clicks_on_the_cart_link()">
                <span>And The User clicks on the Cart Link</span>
      <div>Step skipped
      </div>
              </div>
              <div class="step skip-bg" title="stepdefinitionpackage.CartFeaturesUsingTagsStepDefinitions.the_cart_page_should_be_displayed()">
                <span>Then The Cart Page should be displayed</span>
      <div>Step skipped
      </div>
              </div>
              <div class="step skip-bg" title="stepdefinitionpackage.CartFeaturesUsingTagsStepDefinitions.the_two_products_should_be_visible_in_the_cart()">
                <span>And The Two Products should be visible in the Cart</span>
      <div>Step skipped
      </div>
              </div>
          </div>
        </div>
  </div>
</div>
          </div>
        </li>
        <li class="test-item"  status="fail" test-id="32"
          author=""
          tag=""
          device="">
          <div class="test-detail">
            <p class="name">Login Functionality</p>
            <p class="text-sm">
              <span>9:24:44 am</span> / <span>00:00:04:989</span>
              <span class="badge fail-bg log float-right">Fail</span>
            </p>
          </div>
          <div class="test-contents d-none">
<div class="detail-head">
<div class="p-v-10">
<div class="info">
<h5 class="test-status text-fail">Login Functionality</h5>
<span class='badge badge-success'>02.03.2026 9:24:44 am</span>
<span class='badge badge-danger'>02.03.2026 9:24:49 am</span>
<span class='badge badge-default'>00:00:04:989</span>
&middot; <span class='uri-anchor badge badge-default'>#test-id=32</span>
<span title='Skip to the next failed step' class='badge badge-danger pointer float-right ne ml-1'><i class="fa fa-fast-forward"></i></span>
<span title='Collapse all nodes' class='badge badge-default pointer float-right ct ml-1'><i class="fa fa-compress"></i></span>
<span title='Expand all nodes' class='badge badge-default pointer float-right et'><i class="fa fa-expand"></i></span>
</div>
<div class="m-t-10 m-l-5"></div>
</div>
</div>
<div class="accordion mt-4">
  <div class="card">
    <div class="card-header" role="tab">
      <div class="card-title">
        <div class="node" id="33"><span class="badge log fail-bg mr-2">Fail</span>Login with valid credentials</div>
      </div>
    </div>
        <div class="">
          <div class="card-body">
              <div class="step pass-bg" title="stepdefinitionpackage.LogInStepDefinition.the_user_is_on_the_demoblaze_login_page()">
                <span>Given the user is on the Demoblaze login page</span>
      <div>
      </div>
              </div>
              <div class="step pass-bg" title="stepdefinitionpackage.LogInStepDefinition.the_user_logs_in_with_the_following_valid_credentials(io.cucumber.datatable.DataTable)">
                <span>When the user logs in with the following valid credentials</span>
      <div><table class='markup-table table '><tr><td>username</td><td>password</td></tr><tr><td>demomail12@gmail.com</td><td>Password@1234</td></tr></table>
      </div>
      <div>
      </div>
              </div>
              <div class="step fail-bg" title="stepdefinitionpackage.LogInStepDefinition.the_user_should_be_logged_in_successfully()">
                <span>Then the user should be logged in successfully</span>
      <div>
        <textarea disabled class="code-block">java.lang.AssertionError: The LogIm is unsuccessful expected [true] but found [false]
	at org.testng.Assert.fail(Assert.java:111)
	at org.testng.Assert.failNotEquals(Assert.java:1578)
	at org.testng.Assert.assertTrue(Assert.java:57)
	at stepdefinitionpackage.LogInStepDefinition.the_user_should_be_logged_in_successfully(LogInStepDefinition.java:57)
	at ✽.the user should be logged in successfully(file:///C:/Users/User/Desktop/Selenium_IntelliJ/Cucumber_Project_A12/src/test/java/featurepackage/LogIn.feature:8)
</textarea>
      
      </div>
              </div>
          </div>
        </div>
  </div>
</div>
          </div>
        </li>
        <li class="test-item"  status="pass" test-id="38"
          author=""
          tag=""
          device="">
          <div class="test-detail">
            <p class="name">Registration Feature</p>
            <p class="text-sm">
              <span>9:24:49 am</span> / <span>00:00:08:038</span>
              <span class="badge pass-bg log float-right">Pass</span>
            </p>
          </div>
          <div class="test-contents d-none">
<div class="detail-head">
<div class="p-v-10">
<div class="info">
<h5 class="test-status text-pass">Registration Feature</h5>
<span class='badge badge-success'>02.03.2026 9:24:49 am</span>
<span class='badge badge-danger'>02.03.2026 9:24:57 am</span>
<span class='badge badge-default'>00:00:08:038</span>
&middot; <span class='uri-anchor badge badge-default'>#test-id=38</span>
<span title='Skip to the next failed step' class='badge badge-danger pointer float-right ne ml-1'><i class="fa fa-fast-forward"></i></span>
<span title='Collapse all nodes' class='badge badge-default pointer float-right ct ml-1'><i class="fa fa-compress"></i></span>
<span title='Expand all nodes' class='badge badge-default pointer float-right et'><i class="fa fa-expand"></i></span>
</div>
<div class="m-t-10 m-l-5"></div>
</div>
</div>
<div class="accordion mt-4">
  <div class="card">
    <div class="card-header" role="tab">
      <div class="card-title">
        <div class="node" id="39"><span class="badge log pass-bg mr-2">Pass</span>Perform Registration using valid data</div>
      </div>
    </div>
        <div class="collapse">
          <div class="card-body">
              <div class="step pass-bg" title="stepdefinitionpackage.RegistrationStepDefiniton.the_user_is_on_the_registration_page()">
                <span>Given the user is on the Registration Page</span>
      <div>
      </div>
              </div>
              <div class="step pass-bg" title="stepdefinitionpackage.RegistrationStepDefiniton.the_user_enters_all_valid_data(io.cucumber.datatable.DataTable)">
                <span>When the user enters all valid data</span>
      <div><table class='markup-table table '><tr><td>firstName</td><td>John</td></tr><tr><td>lastName</td><td>Doe</td></tr><tr><td>gender</td><td>Female</td></tr><tr><td>course</td><td>TestNG</td></tr><tr><td>street</td><td>20/1</td></tr><tr><td>aptNum</td><td>20</td></tr><tr><td>state</td><td>Telangana</td></tr><tr><td>city</td><td>Hyderabad</td></tr><tr><td>zip</td><td>500060</td></tr><tr><td>country</td><td>India</td></tr></table>
      </div>
      <div>
      </div>
              </div>
              <div class="step pass-bg" title="stepdefinitionpackage.RegistrationStepDefiniton.the_registration_should_be_successful()">
                <span>Then the Registration should be successful</span>
      <div>
      </div>
              </div>
          </div>
        </div>
  </div>
</div>
          </div>
        </li>
        <li class="test-item"  status="pass" test-id="44"
          author=""
          tag=""
          device="">
          <div class="test-detail">
            <p class="name">SignUp Functionality</p>
            <p class="text-sm">
              <span>9:24:57 am</span> / <span>00:00:13:072</span>
              <span class="badge pass-bg log float-right">Pass</span>
            </p>
          </div>
          <div class="test-contents d-none">
<div class="detail-head">
<div class="p-v-10">
<div class="info">
<h5 class="test-status text-pass">SignUp Functionality</h5>
<span class='badge badge-success'>02.03.2026 9:24:57 am</span>
<span class='badge badge-danger'>02.03.2026 9:25:10 am</span>
<span class='badge badge-default'>00:00:13:072</span>
&middot; <span class='uri-anchor badge badge-default'>#test-id=44</span>
<span title='Skip to the next failed step' class='badge badge-danger pointer float-right ne ml-1'><i class="fa fa-fast-forward"></i></span>
<span title='Collapse all nodes' class='badge badge-default pointer float-right ct ml-1'><i class="fa fa-compress"></i></span>
<span title='Expand all nodes' class='badge badge-default pointer float-right et'><i class="fa fa-expand"></i></span>
</div>
<div class="m-t-10 m-l-5"></div>
</div>
</div>
<div class="accordion mt-4">
  <div class="card">
    <div class="card-header" role="tab">
      <div class="card-title">
        <div class="node" id="45"><span class="badge log pass-bg mr-2">Pass</span>Login with Valid Credintials</div>
      </div>
    </div>
        <div class="collapse">
          <div class="card-body">
              <div class="step pass-bg" title="stepdefinitionpackage.SignUpStepDefinition.the_user_is_on_empty_browser()">
                <span>Given The user is on empty browser</span>
      <div>
      </div>
              </div>
              <div class="step pass-bg" title="stepdefinitionpackage.SignUpStepDefinition.the_user_has_entered(java.lang.String)">
                <span>When The user has entered "https://www.demoblaze.com/"</span>
      <div>
      </div>
              </div>
              <div class="step pass-bg" title="stepdefinitionpackage.SignUpStepDefinition.the_user_has_entered_the_and(java.lang.String,java.lang.String)">
                <span>And The user has entered the "demomail123@gmail.com" and "Password@1234"</span>
      <div>
      </div>
              </div>
              <div class="step pass-bg" title="stepdefinitionpackage.SignUpStepDefinition.the_sign_in_should_be_successful()">
                <span>Then The SignIn should be successful</span>
      <div>
      </div>
              </div>
          </div>
        </div>
  </div>
  <div class="card">
    <div class="card-header" role="tab">
      <div class="card-title">
        <div class="node" id="51"><span class="badge log pass-bg mr-2">Pass</span>Login with Invalid Credintials</div>
      </div>
    </div>
        <div class="collapse">
          <div class="card-body">
              <div class="step pass-bg" title="stepdefinitionpackage.SignUpStepDefinition.the_user_is_on_empty_browser()">
                <span>Given The user is on empty browser</span>
      <div>
      </div>
              </div>
              <div class="step pass-bg" title="stepdefinitionpackage.SignUpStepDefinition.the_user_has_entered(java.lang.String)">
                <span>When The user has entered "https://www.demoblaze.com/"</span>
      <div>
      </div>
              </div>
              <div class="step pass-bg" title="stepdefinitionpackage.SignUpStepDefinition.the_user_has_entered_the_and(java.lang.String,java.lang.String)">
                <span>And The user has entered the "demomail121#.com" and "Password  1234"</span>
      <div>
      </div>
              </div>
              <div class="step pass-bg" title="stepdefinitionpackage.SignUpStepDefinition.the_sign_in_should_be_unsuccessful()">
                <span>Then The SignIn should be unsuccessful</span>
      <div>
      </div>
              </div>
          </div>
        </div>
  </div>
</div>
          </div>
        </li>
        <li class="test-item"  status="fail" test-id="57"
          author=""
          tag=""
          device="">
          <div class="test-detail">
            <p class="name">SignUp using different Credintials</p>
            <p class="text-sm">
              <span>9:25:10 am</span> / <span>00:00:19:280</span>
              <span class="badge fail-bg log float-right">Fail</span>
            </p>
          </div>
          <div class="test-contents d-none">
<div class="detail-head">
<div class="p-v-10">
<div class="info">
<h5 class="test-status text-fail">SignUp using different Credintials</h5>
<span class='badge badge-success'>02.03.2026 9:25:10 am</span>
<span class='badge badge-danger'>02.03.2026 9:25:30 am</span>
<span class='badge badge-default'>00:00:19:280</span>
&middot; <span class='uri-anchor badge badge-default'>#test-id=57</span>
<span title='Skip to the next failed step' class='badge badge-danger pointer float-right ne ml-1'><i class="fa fa-fast-forward"></i></span>
<span title='Collapse all nodes' class='badge badge-default pointer float-right ct ml-1'><i class="fa fa-compress"></i></span>
<span title='Expand all nodes' class='badge badge-default pointer float-right et'><i class="fa fa-expand"></i></span>
</div>
<div class="m-t-10 m-l-5"></div>
</div>
</div>
<div class="accordion mt-4">
  <div class="card">
    <div class="card-header" role="tab">
      <div class="card-title">
        <div class="node" id="58"><span class="badge log fail-bg mr-2">Fail</span>SignUp with different credintials</div>
      </div>
    </div>
        <div class="scenario_outline ">
            <div class="card-body l1">
              <div class="card-header">
                <div class="card-title outline-child">
                  <div class="node" id="59"><span class="badge log fail-bg mr-2">Fail</span>SignUp with different credintials</div>
                </div>
              </div>
              <div class="card-body mt-3 ">
                  <div class="step pass-bg">
                    <span>Given the user is on the Demoblaze Home page</span>
      <div>
      </div>
                  </div>
                  <div class="step pass-bg">
                    <span>When The user clicks on SignUp</span>
      <div>
      </div>
                  </div>
                  <div class="step pass-bg">
                    <span>And The user will SignUp using "a@mail.com" and "Password@1234"</span>
      <div>
      </div>
                  </div>
                  <div class="step fail-bg">
                    <span>Then The SignUp should be successful;</span>
      <div>
        <textarea disabled class="code-block">java.lang.AssertionError: The following asserts failed:
	The SignUp is Unsuccessful expected [true] but found [false]
	at org.testng.asserts.SoftAssert.assertAll(SoftAssert.java:46)
	at org.testng.asserts.SoftAssert.assertAll(SoftAssert.java:30)
	at stepdefinitionpackage.SignUpWithDDTStepDefinition.the_sign_up_should_be_successful(SignUpWithDDTStepDefinition.java:55)
	at ✽.The SignUp should be successful;(file:///C:/Users/User/Desktop/Selenium_IntelliJ/Cucumber_Project_A12/src/test/java/featurepackage/SignUpWithDifferentCredintials.feature:6)
</textarea>
      
      </div>
                  </div>
              </div>
            </div>
            <div class="card-body l1">
              <div class="card-header">
                <div class="card-title outline-child">
                  <div class="node" id="65"><span class="badge log fail-bg mr-2">Fail</span>SignUp with different credintials</div>
                </div>
              </div>
              <div class="card-body mt-3 ">
                  <div class="step pass-bg">
                    <span>Given the user is on the Demoblaze Home page</span>
      <div>
      </div>
                  </div>
                  <div class="step pass-bg">
                    <span>When The user clicks on SignUp</span>
      <div>
      </div>
                  </div>
                  <div class="step pass-bg">
                    <span>And The user will SignUp using "aa@gmail.com" and "Password@4321"</span>
      <div>
      </div>
                  </div>
                  <div class="step fail-bg">
                    <span>Then The SignUp should be successful;</span>
      <div>
        <textarea disabled class="code-block">java.lang.AssertionError: The following asserts failed:
	The SignUp is Unsuccessful expected [true] but found [false]
	at org.testng.asserts.SoftAssert.assertAll(SoftAssert.java:46)
	at org.testng.asserts.SoftAssert.assertAll(SoftAssert.java:30)
	at stepdefinitionpackage.SignUpWithDDTStepDefinition.the_sign_up_should_be_successful(SignUpWithDDTStepDefinition.java:55)
	at ✽.The SignUp should be successful;(file:///C:/Users/User/Desktop/Selenium_IntelliJ/Cucumber_Project_A12/src/test/java/featurepackage/SignUpWithDifferentCredintials.feature:6)
</textarea>
      
      </div>
                  </div>
              </div>
            </div>
            <div class="card-body l1">
              <div class="card-header">
                <div class="card-title outline-child">
                  <div class="node" id="71"><span class="badge log fail-bg mr-2">Fail</span>SignUp with different credintials</div>
                </div>
              </div>
              <div class="card-body mt-3 ">
                  <div class="step pass-bg">
                    <span>Given the user is on the Demoblaze Home page</span>
      <div>
      </div>
                  </div>
                  <div class="step pass-bg">
                    <span>When The user clicks on SignUp</span>
      <div>
      </div>
                  </div>
                  <div class="step pass-bg">
                    <span>And The user will SignUp using "ab@yahoomail.com" and "P@1234567"</span>
      <div>
      </div>
                  </div>
                  <div class="step fail-bg">
                    <span>Then The SignUp should be successful;</span>
      <div>
        <textarea disabled class="code-block">java.lang.AssertionError: The following asserts failed:
	The SignUp is Unsuccessful expected [true] but found [false]
	at org.testng.asserts.SoftAssert.assertAll(SoftAssert.java:46)
	at org.testng.asserts.SoftAssert.assertAll(SoftAssert.java:30)
	at stepdefinitionpackage.SignUpWithDDTStepDefinition.the_sign_up_should_be_successful(SignUpWithDDTStepDefinition.java:55)
	at ✽.The SignUp should be successful;(file:///C:/Users/User/Desktop/Selenium_IntelliJ/Cucumber_Project_A12/src/test/java/featurepackage/SignUpWithDifferentCredintials.feature:6)
</textarea>
      
      </div>
                  </div>
              </div>
            </div>
        </div>
  </div>
</div>
          </div>
        </li>
      </ul>
    </div>
  </div>
<div class="test-content scrollable">
<div class="test-content-tools">
<ul><li><a class="back-to-test" href="#"><i class="fa fa-arrow-left"></i></a></li></ul>
</div>
<div class="test-content-detail"><div class="detail-body"></div></div>
</div></div>
<div class="test-wrapper row view exception-view attributes-view">
<div class="test-list">
<div class="test-list-tools">
<ul class="tools pull-left"><li><a href=""><span class="font-size-14">Exception</span></a></li></ul>
<ul class="tools text-right"><li><a href="#"><span class="badge badge-primary">2</span></a></li></ul>
</div>
<div class="test-list-wrapper scrollable">
<ul class="test-list-item">
<li class="test-item">
<div class="test-detail">
<span class="meta">
<span class='badge log badge-danger'>1</span>
</span>
<p class="name">org.openqa.selenium.TimeoutException</p>
<p class="duration text-sm">1 tests</p>
</div>
<div class="test-contents d-none">
<div class="info">
<h4>org.openqa.selenium.TimeoutException</h4>
<span status="fail" class='badge log badge-danger'>1 failed</span>
</div>
<table class='table table-sm mt-4'>
<thead>
<tr>
<th class="status-col">Status</th>
<th class="timestamp-col">Timestamp</th>
<th>TestName</th>
</tr>
</thead>
<tbody>
<tr class="tag-test-status" status="fail">
<td><span class="badge log fail-bg">Fail</span></td>
<td>09:24:23 am</td>
<td>
<a href="#" class="linked" test-id='11' id='28'>When The User adds two items to cart</a>
<div class="">
<span class="badge badge-default">Cart.View Cart After Adding Two Items.When The User adds two items to cart</span>
</div>
</td>
</tr>
</tbody>
</table>
</div>
</li>
<li class="test-item">
<div class="test-detail">
<span class="meta">
<span class='badge log badge-danger'>4</span>
</span>
<p class="name">java.lang.AssertionError</p>
<p class="duration text-sm">4 tests</p>
</div>
<div class="test-contents d-none">
<div class="info">
<h4>java.lang.AssertionError</h4>
<span status="fail" class='badge log badge-danger'>4 failed</span>
</div>
<table class='table table-sm mt-4'>
<thead>
<tr>
<th class="status-col">Status</th>
<th class="timestamp-col">Timestamp</th>
<th>TestName</th>
</tr>
</thead>
<tbody>
<tr class="tag-test-status" status="fail">
<td><span class="badge log fail-bg">Fail</span></td>
<td>09:24:49 am</td>
<td>
<a href="#" class="linked" test-id='32' id='37'>Then the user should be logged in successfully</a>
<div class="">
<span class="badge badge-default">Login Functionality.Login with valid credentials.Then the user should be logged in successfully</span>
</div>
</td>
</tr>
<tr class="tag-test-status" status="fail">
<td><span class="badge log fail-bg">Fail</span></td>
<td>09:25:16 am</td>
<td>
<a href="#" class="linked" test-id='57' id='64'>Then The SignUp should be successful;</a>
<div class="">
<span class="badge badge-default">SignUp using different Credintials.SignUp with different credintials.Then The SignUp should be successful;</span>
</div>
</td>
</tr>
<tr class="tag-test-status" status="fail">
<td><span class="badge log fail-bg">Fail</span></td>
<td>09:25:22 am</td>
<td>
<a href="#" class="linked" test-id='57' id='70'>Then The SignUp should be successful;</a>
<div class="">
<span class="badge badge-default">SignUp using different Credintials.SignUp with different credintials.Then The SignUp should be successful;</span>
</div>
</td>
</tr>
<tr class="tag-test-status" status="fail">
<td><span class="badge log fail-bg">Fail</span></td>
<td>09:25:28 am</td>
<td>
<a href="#" class="linked" test-id='57' id='76'>Then The SignUp should be successful;</a>
<div class="">
<span class="badge badge-default">SignUp using different Credintials.SignUp with different credintials.Then The SignUp should be successful;</span>
</div>
</td>
</tr>
</tbody>
</table>
</div>
</li>
</ul>
</div>
</div>
<div class="test-content scrollable">
<div class="test-content-detail">
<div class="detail-body"></div>
</div>
</div>
</div><div class="test-wrapper row view category-view attributes-view">
<div class="test-list">
<div class="test-list-tools">
<ul class="tools pull-left"><li><a href=""><span class="font-size-14">Category</span></a></li></ul>
<ul class="tools text-right"><li><a href="#"><span class="badge badge-primary">3</span></a></li></ul>
</div>
<div class="test-list-wrapper scrollable">
<ul class="test-list-item">
<li class="test-item">
<div class="test-detail">
<span class="meta">
<span class='badge log pass-bg'>1</span>
</span>
<p class="name">@EmptyItem</p>
<p class="duration text-sm">1 tests</p>
</div>
<div class="test-contents d-none">
<div class="info">
<h4>@EmptyItem</h4>
<span status="pass" class='badge log pass-bg'>1 passed</span>
</div>
<table class='table table-sm mt-4'>
<thead>
<tr>
<th class="status-col">Status</th>
<th class="timestamp-col">Timestamp</th>
<th>TestName</th>
</tr>
</thead>
<tbody>
<tr class="tag-test-status" status="pass">
<td><span class="badge log pass-bg">Pass</span></td>
<td>09:23:59 am</td>
<td>
<a href="#" class="linked" test-id='11' id='12'>Veiw Empty Cart</a>
<div class="">
<span class="badge badge-default">Cart.Veiw Empty Cart</span>
</div>
</td>
</tr>
</tbody>
</table>
</div>
</li>
<li class="test-item">
<div class="test-detail">
<span class="meta">
<span class='badge log pass-bg'>1</span>
<span class='badge log badge-danger'>1</span>
</span>
<p class="name">@OneItem</p>
<p class="duration text-sm">2 tests</p>
</div>
<div class="test-contents d-none">
<div class="info">
<h4>@OneItem</h4>
<span status="pass" class='badge log pass-bg'>1 passed</span>
<span status="fail" class='badge log badge-danger'>1 failed</span>
</div>
<table class='table table-sm mt-4'>
<thead>
<tr>
<th class="status-col">Status</th>
<th class="timestamp-col">Timestamp</th>
<th>TestName</th>
</tr>
</thead>
<tbody>
<tr class="tag-test-status" status="pass">
<td><span class="badge log pass-bg">Pass</span></td>
<td>09:24:13 am</td>
<td>
<a href="#" class="linked" test-id='11' id='18'>View Cart After Adding One Item</a>
<div class="">
<span class="badge badge-default">Cart.View Cart After Adding One Item</span>
</div>
</td>
</tr>
<tr class="tag-test-status" status="fail">
<td><span class="badge log fail-bg">Fail</span></td>
<td>09:24:20 am</td>
<td>
<a href="#" class="linked" test-id='11' id='25'>View Cart After Adding Two Items</a>
<div class="">
<span class="badge badge-default">Cart.View Cart After Adding Two Items</span>
</div>
</td>
</tr>
</tbody>
</table>
</div>
</li>
<li class="test-item">
<div class="test-detail">
<span class="meta">
<span class='badge log pass-bg'>2</span>
<span class='badge log badge-danger'>1</span>
</span>
<p class="name">@System</p>
<p class="duration text-sm">3 tests</p>
</div>
<div class="test-contents d-none">
<div class="info">
<h4>@System</h4>
<span status="pass" class='badge log pass-bg'>2 passed</span>
<span status="fail" class='badge log badge-danger'>1 failed</span>
</div>
<table class='table table-sm mt-4'>
<thead>
<tr>
<th class="status-col">Status</th>
<th class="timestamp-col">Timestamp</th>
<th>TestName</th>
</tr>
</thead>
<tbody>
<tr class="tag-test-status" status="pass">
<td><span class="badge log pass-bg">Pass</span></td>
<td>09:23:59 am</td>
<td>
<a href="#" class="linked" test-id='11' id='12'>Veiw Empty Cart</a>
<div class="">
<span class="badge badge-default">Cart.Veiw Empty Cart</span>
</div>
</td>
</tr>
<tr class="tag-test-status" status="pass">
<td><span class="badge log pass-bg">Pass</span></td>
<td>09:24:13 am</td>
<td>
<a href="#" class="linked" test-id='11' id='18'>View Cart After Adding One Item</a>
<div class="">
<span class="badge badge-default">Cart.View Cart After Adding One Item</span>
</div>
</td>
</tr>
<tr class="tag-test-status" status="fail">
<td><span class="badge log fail-bg">Fail</span></td>
<td>09:24:20 am</td>
<td>
<a href="#" class="linked" test-id='11' id='25'>View Cart After Adding Two Items</a>
<div class="">
<span class="badge badge-default">Cart.View Cart After Adding Two Items</span>
</div>
</td>
</tr>
</tbody>
</table>
</div>
</li>
</ul>
</div>
</div>
<div class="test-content scrollable">
<div class="test-content-detail">
<div class="detail-body"></div>
</div>
</div>
</div><div class="container-fluid p-4 view dashboard-view">
<div class="row">
<div class="col-md-3">
<div class="card"><div class="card-body">
<p class="m-b-0">Started</p>
<h3>Feb 3, 2026 09:23:55 am</h3>
</div></div>
</div>
<div class="col-md-3">
<div class="card"><div class="card-body">
<p class="m-b-0">Ended</p>
<h3>Feb 3, 2026 09:25:30 am</h3>
</div></div>
</div>
<div class="col-md-3">
<div class="card"><div class="card-body">
<p class="m-b-0 text-pass">Features Passed</p>
<h3>2</h3>
</div></div>
</div>
<div class="col-md-3">
<div class="card"><div class="card-body">
<p class="m-b-0 text-fail">Features Failed</p>
<h3>4</h3>
</div></div>
</div>
</div>
<div class="row">
<div class="col-md-4">
<div class="card">
<div class="card-header">
<h6 class="card-title">Features</h6>
</div>
<div class="card-body">
<div class="">
<canvas id='parent-analysis' width='115' height='90'></canvas>
</div>
</div>
<div class="card-footer">
<div><small data-tooltip='33%'>
<b>2</b> features passed
</small>
</div>
<div>
<small data-tooltip='66%'><b>4</b> features failed,
<b>0</b> skipped, <b data-tooltip='0%'>0</b> others
</small>
</div>
</div>
</div>
</div>
<div class="col-md-4">
<div class="card">
<div class="card-header">
<h6 class="card-title">Scenarios</h6>
</div>
<div class="card-body">
<div class="">
<canvas id='child-analysis' width='115' height='90'></canvas>
</div>
</div>
<div class="card-footer">
<div><small data-tooltip='45%'><b>5</b> scenarios passed</small></div>
<div>
<small data-tooltip='54%'><b>6</b> scenarios failed,
<b>0</b> skipped, <b data-tooltip='%'>0</b> others
</small>
</div>
</div>
</div>
</div>
<div class="col-md-4">
<div class="card">
<div class="card-header">
<h6 class="card-title">Steps</h6>
</div>
<div class="card-body">
<div class="">
<canvas id='grandchild-analysis' width='115' height='90'></canvas>
</div>
</div>
<div class="card-footer">
<div><small data-tooltip='66%'><b>30</b> steps passed</small></div>
<div>
<small data-tooltip='13%'><b>6</b> steps failed,
<b>9</b> skipped, <b data-tooltip='%'>0</b> others
</small>
</div>
</div>
</div>
</div>
</div>
<div class="row"><div class="col-md-12">
<div class="card"><div class="card-header"><p>Timeline</p></div>
<div class="card-body pt-0"><div>
<canvas id="timeline" height="120"></canvas>
</div></div>
</div>
</div></div>
<script>
var timeline = {
"Adding Item to Cart":2.878,"Cart":45.046,"Login Functionality":4.989,"Registration Feature":8.038,"SignUp Functionality":13.072,"SignUp using different Credintials":19.28
};
</script>
<div class="row">
<div class="col-lg-6 col-md-12 category-container">
<div class="card">
<div class="card-header"><p>Tags</p></div>
<div class="card-body pb-0 pt-0"><table class="table table-sm table-bordered">
<thead><tr class="bg-gray"><th>Name</th><th>Passed</th><th>Failed</th><th>Skipped</th><th>Others</th><th>Passed %</th></tr></thead><tbody>
<tr>
<td>@EmptyItem</td>
<td>1</td>
<td>0</td>
<td>0</td>
<td>0</td>
<td>100%</td>
</tr>
<tr>
<td>@OneItem</td>
<td>1</td>
<td>1</td>
<td>0</td>
<td>0</td>
<td>50%</td>
</tr>
<tr>
<td>@System</td>
<td>2</td>
<td>1</td>
<td>0</td>
<td>0</td>
<td>66.667%</td>
</tr>
</tbody>
</table></div>
</div>
</div>
</div>
</div>
<script>
var statusGroup = {
parentCount: 5,
passParent: 2,
failParent: 4,
warningParent: 0,
skipParent: 0,
childCount: 5,
passChild: 5,
failChild: 6,
warningChild: 0,
skipChild: 0,
infoChild: 0,
grandChildCount: 5,
passGrandChild: 30,
failGrandChild: 6,
warningGrandChild: 0,
skipGrandChild: 9,
infoGrandChild: 0,
eventsCount: 5,
};
</script>        </div>
      </div>
    </div>
  </div>
<script src="https://cdn.jsdelivr.net/gh/extent-framework/extent-github-cdn@c05cd28cde1617b9d0c05a831daff6cb97fd9fd5/spark/js/spark-script.js"></script>
<script type="text/javascript"></script></body>
</html>